This is pdfTeX, Version 3.141592653-2.6-1.40.24 (TeX Live 2022) (preloaded format=pdflatex 2023.3.14)  19 MAR 2026 11:09
entering extended mode
 restricted \write18 enabled.
 %&-line parsing enabled.
**\input ./Rd2.tex \input ./Rd2.tex \input ./Rd2.tex
 (./Rd2.tex
(/usr/local/texlive/2022/texmf-dist/tex/latex/base/book.cls
Document Class: book 2021/10/04 v1.4n Standard LaTeX document class
(/usr/local/texlive/2022/texmf-dist/tex/latex/base/bk10.clo
File: bk10.clo 2021/10/04 v1.4n Standard LaTeX file (size option)
)
\c@part=\count185
\c@chapter=\count186
\c@section=\count187
\c@subsection=\count188
\c@subsubsection=\count189
\c@paragraph=\count190
\c@subparagraph=\count191
\c@figure=\count192
\c@table=\count193
\abovecaptionskip=\skip47
\belowcaptionskip=\skip48
\bibindent=\dimen138
)
(/Library/Frameworks/R.framework/Resources/share/texmf/tex/latex/Rd.sty
Package: Rd 

(/usr/local/texlive/2022/texmf-dist/tex/latex/base/ifthen.sty
Package: ifthen 2020/11/24 v1.1c Standard LaTeX ifthen package (DPC)
)
(/usr/local/texlive/2022/texmf-dist/tex/generic/iftex/iftex.sty
Package: iftex 2022/02/03 v1.0f TeX engine tests
)
(/usr/local/texlive/2022/texmf-dist/tex/latex/tools/longtable.sty
Package: longtable 2021-09-01 v4.17 Multi-page Table package (DPC)
\LTleft=\skip49
\LTright=\skip50
\LTpre=\skip51
\LTpost=\skip52
\LTchunksize=\count194
\LTcapwidth=\dimen139
\LT@head=\box50
\LT@firsthead=\box51
\LT@foot=\box52
\LT@lastfoot=\box53
\LT@gbox=\box54
\LT@cols=\count195
\LT@rows=\count196
\c@LT@tables=\count197
\c@LT@chunks=\count198
\LT@p@ftn=\toks16
)
(/usr/local/texlive/2022/texmf-dist/tex/latex/tools/bm.sty
Package: bm 2021/04/25 v1.2e Bold Symbol Support (DPC/FMi)
\symboldoperators=\mathgroup4
\symboldletters=\mathgroup5
\symboldsymbols=\mathgroup6
Package bm Info: No bold for \OMX/cmex/m/n, using \pmb.
LaTeX Font Info:    Redeclaring math alphabet \mathbf on input line 149.
)
(/usr/local/texlive/2022/texmf-dist/tex/latex/base/alltt.sty
Package: alltt 2021/01/29 v2.0g defines alltt environment
)
(/usr/local/texlive/2022/texmf-dist/tex/latex/tools/verbatim.sty
Package: verbatim 2020-07-07 v1.5u LaTeX2e package for verbatim enhancements
\every@verbatim=\toks17
\verbatim@line=\toks18
\verbatim@in@stream=\read2
)
(/usr/local/texlive/2022/texmf-dist/tex/latex/url/url.sty
\Urlmuskip=\muskip16
Package: url 2013/09/16  ver 3.4  Verb mode for urls, etc.
)
(/usr/local/texlive/2022/texmf-dist/tex/latex/base/textcomp.sty
Package: textcomp 2020/02/02 v2.0n Standard LaTeX package
)
(/usr/local/texlive/2022/texmf-dist/tex/latex/amsmath/amsmath.sty
Package: amsmath 2021/10/15 v2.17l AMS math features
\@mathmargin=\skip53

For additional information on amsmath, use the `?' option.
(/usr/local/texlive/2022/texmf-dist/tex/latex/amsmath/amstext.sty
Package: amstext 2021/08/26 v2.01 AMS text

(/usr/local/texlive/2022/texmf-dist/tex/latex/amsmath/amsgen.sty
File: amsgen.sty 1999/11/30 v2.0 generic functions
\@emptytoks=\toks19
\ex@=\dimen140
))
(/usr/local/texlive/2022/texmf-dist/tex/latex/amsmath/amsbsy.sty
Package: amsbsy 1999/11/29 v1.2d Bold Symbols
LaTeX Info: Redefining \boldsymbol on input line 28.
\pmbraise@=\dimen141
)
(/usr/local/texlive/2022/texmf-dist/tex/latex/amsmath/amsopn.sty
Package: amsopn 2021/08/26 v2.02 operator names
)
\inf@bad=\count199
LaTeX Info: Redefining \frac on input line 234.
\uproot@=\count266
\leftroot@=\count267
LaTeX Info: Redefining \overline on input line 399.
\classnum@=\count268
\DOTSCASE@=\count269
LaTeX Info: Redefining \ldots on input line 496.
LaTeX Info: Redefining \dots on input line 499.
LaTeX Info: Redefining \cdots on input line 620.
\Mathstrutbox@=\box55
\strutbox@=\box56
\big@size=\dimen142
LaTeX Font Info:    Redeclaring font encoding OML on input line 743.
LaTeX Font Info:    Redeclaring font encoding OMS on input line 744.
\macc@depth=\count270
\c@MaxMatrixCols=\count271
\dotsspace@=\muskip17
\c@parentequation=\count272
\dspbrk@lvl=\count273
\tag@help=\toks20
\row@=\count274
\column@=\count275
\maxfields@=\count276
\andhelp@=\toks21
\eqnshift@=\dimen143
\alignsep@=\dimen144
\tagshift@=\dimen145
\tagwidth@=\dimen146
\totwidth@=\dimen147
\lineht@=\dimen148
\@envbody=\toks22
\multlinegap=\skip54
\multlinetaggap=\skip55
\mathdisplay@stack=\toks23
LaTeX Info: Redefining \[ on input line 2938.
LaTeX Info: Redefining \] on input line 2939.
)
(/usr/local/texlive/2022/texmf-dist/tex/latex/amsfonts/amsfonts.sty
Package: amsfonts 2013/01/14 v3.01 Basic AMSFonts support
\symAMSa=\mathgroup7
\symAMSb=\mathgroup8
LaTeX Font Info:    Redeclaring math symbol \hbar on input line 98.
LaTeX Font Info:    Overwriting math alphabet `\mathfrak' in version `bold'
(Font)                  U/euf/m/n --> U/euf/b/n on input line 106.
)
(/usr/local/texlive/2022/texmf-dist/tex/latex/amsfonts/amssymb.sty
Package: amssymb 2013/01/14 v3.01 AMS font symbols
)
(/usr/local/texlive/2022/texmf-dist/tex/latex/jknapltx/mathrsfs.sty
Package: mathrsfs 1996/01/01 Math RSFS package v1.0 (jk)
\symrsfs=\mathgroup9
)
\ldescriptionwidth=\skip56

(/usr/local/texlive/2022/texmf-dist/tex/latex/base/fontenc.sty
Package: fontenc 2021/04/29 v2.0v Standard LaTeX package
)
(/usr/local/texlive/2022/texmf-dist/tex/latex/psnfss/times.sty
Package: times 2020/03/25 PSNFSS-v9.3 (SPQR) 
)
(/usr/local/texlive/2022/texmf-dist/tex/latex/inconsolata/zi4.sty
Package: zi4 2019/05/17 v1.12

`inconsolata-zi4' v1.12, 2019/05/17 Text macros for Inconsolata (msharpe)
(/usr/local/texlive/2022/texmf-dist/tex/latex/xkeyval/xkeyval.sty
Package: xkeyval 2020/11/20 v2.8 package option processing (HA)

(/usr/local/texlive/2022/texmf-dist/tex/generic/xkeyval/xkeyval.tex
(/usr/local/texlive/2022/texmf-dist/tex/generic/xkeyval/xkvutils.tex
\XKV@toks=\toks24
\XKV@tempa@toks=\toks25

(/usr/local/texlive/2022/texmf-dist/tex/generic/xkeyval/keyval.tex))
\XKV@depth=\count277
File: xkeyval.tex 2014/12/03 v2.7a key=value parser (HA)
))
\zifour@ocount=\count278
)
(/usr/local/texlive/2022/texmf-dist/tex/latex/graphics/color.sty
Package: color 2021/12/07 v1.3c Standard LaTeX Color (DPC)

(/usr/local/texlive/2022/texmf-dist/tex/latex/graphics-cfg/color.cfg
File: color.cfg 2016/01/02 v1.6 sample color configuration
)
Package color Info: Driver file: pdftex.def on input line 149.

(/usr/local/texlive/2022/texmf-dist/tex/latex/graphics-def/pdftex.def
File: pdftex.def 2020/10/05 v1.2a Graphics/color driver for pdftex
))
(/usr/local/texlive/2022/texmf-dist/tex/latex/hyperref/hyperref.sty
Package: hyperref 2022-02-21 v7.00n Hypertext links for LaTeX

(/usr/local/texlive/2022/texmf-dist/tex/generic/ltxcmds/ltxcmds.sty
Package: ltxcmds 2020-05-10 v1.25 LaTeX kernel commands for general use (HO)
)
(/usr/local/texlive/2022/texmf-dist/tex/generic/pdftexcmds/pdftexcmds.sty
Package: pdftexcmds 2020-06-27 v0.33 Utility functions of pdfTeX for LuaTeX (HO
)

(/usr/local/texlive/2022/texmf-dist/tex/generic/infwarerr/infwarerr.sty
Package: infwarerr 2019/12/03 v1.5 Providing info/warning/error messages (HO)
)
Package pdftexcmds Info: \pdf@primitive is available.
Package pdftexcmds Info: \pdf@ifprimitive is available.
Package pdftexcmds Info: \pdfdraftmode found.
)
(/usr/local/texlive/2022/texmf-dist/tex/generic/kvsetkeys/kvsetkeys.sty
Package: kvsetkeys 2019/12/15 v1.18 Key value parser (HO)
)
(/usr/local/texlive/2022/texmf-dist/tex/generic/kvdefinekeys/kvdefinekeys.sty
Package: kvdefinekeys 2019-12-19 v1.6 Define keys (HO)
)
(/usr/local/texlive/2022/texmf-dist/tex/generic/pdfescape/pdfescape.sty
Package: pdfescape 2019/12/09 v1.15 Implements pdfTeX's escape features (HO)
)
(/usr/local/texlive/2022/texmf-dist/tex/latex/hycolor/hycolor.sty
Package: hycolor 2020-01-27 v1.10 Color options for hyperref/bookmark (HO)
)
(/usr/local/texlive/2022/texmf-dist/tex/latex/letltxmacro/letltxmacro.sty
Package: letltxmacro 2019/12/03 v1.6 Let assignment for LaTeX macros (HO)
)
(/usr/local/texlive/2022/texmf-dist/tex/latex/auxhook/auxhook.sty
Package: auxhook 2019-12-17 v1.6 Hooks for auxiliary files (HO)
)
(/usr/local/texlive/2022/texmf-dist/tex/latex/kvoptions/kvoptions.sty
Package: kvoptions 2020-10-07 v3.14 Key value format for package options (HO)
)
\@linkdim=\dimen149
\Hy@linkcounter=\count279
\Hy@pagecounter=\count280

(/usr/local/texlive/2022/texmf-dist/tex/latex/hyperref/pd1enc.def
File: pd1enc.def 2022-02-21 v7.00n Hyperref: PDFDocEncoding definition (HO)
Now handling font encoding PD1 ...
... no UTF-8 mapping file for font encoding PD1
)
(/usr/local/texlive/2022/texmf-dist/tex/generic/intcalc/intcalc.sty
Package: intcalc 2019/12/15 v1.3 Expandable calculations with integers (HO)
)
(/usr/local/texlive/2022/texmf-dist/tex/generic/etexcmds/etexcmds.sty
Package: etexcmds 2019/12/15 v1.7 Avoid name clashes with e-TeX commands (HO)
)
\Hy@SavedSpaceFactor=\count281

(/usr/local/texlive/2022/texmf-dist/tex/latex/hyperref/puenc.def
File: puenc.def 2022-02-21 v7.00n Hyperref: PDF Unicode definition (HO)
Now handling font encoding PU ...
... no UTF-8 mapping file for font encoding PU
)
Package hyperref Info: Hyper figures OFF on input line 4137.
Package hyperref Info: Link nesting OFF on input line 4142.
Package hyperref Info: Hyper index ON on input line 4145.
Package hyperref Info: Plain pages OFF on input line 4152.
Package hyperref Info: Backreferencing OFF on input line 4157.
Package hyperref Info: Implicit mode ON; LaTeX internals redefined.
Package hyperref Info: Bookmarks ON on input line 4390.
\c@Hy@tempcnt=\count282
LaTeX Info: Redefining \url on input line 4749.
\XeTeXLinkMargin=\dimen150

(/usr/local/texlive/2022/texmf-dist/tex/generic/bitset/bitset.sty
Package: bitset 2019/12/09 v1.3 Handle bit-vector datatype (HO)

(/usr/local/texlive/2022/texmf-dist/tex/generic/bigintcalc/bigintcalc.sty
Package: bigintcalc 2019/12/15 v1.5 Expandable calculations on big integers (HO
)
))
\Fld@menulength=\count283
\Field@Width=\dimen151
\Fld@charsize=\dimen152
Package hyperref Info: Hyper figures OFF on input line 6027.
Package hyperref Info: Link nesting OFF on input line 6032.
Package hyperref Info: Hyper index ON on input line 6035.
Package hyperref Info: backreferencing OFF on input line 6042.
Package hyperref Info: Link coloring OFF on input line 6047.
Package hyperref Info: Link coloring with OCG OFF on input line 6052.
Package hyperref Info: PDF/A mode OFF on input line 6057.
LaTeX Info: Redefining \ref on input line 6097.
LaTeX Info: Redefining \pageref on input line 6101.

(/usr/local/texlive/2022/texmf-dist/tex/latex/base/atbegshi-ltx.sty
Package: atbegshi-ltx 2021/01/10 v1.0c Emulation of the original atbegshi
package with kernel methods
)
\Hy@abspage=\count284
\c@Item=\count285
\c@Hfootnote=\count286
)
Package hyperref Info: Driver (autodetected): hpdftex.

(/usr/local/texlive/2022/texmf-dist/tex/latex/hyperref/hpdftex.def
File: hpdftex.def 2022-02-21 v7.00n Hyperref driver for pdfTeX

(/usr/local/texlive/2022/texmf-dist/tex/latex/base/atveryend-ltx.sty
Package: atveryend-ltx 2020/08/19 v1.0a Emulation of the original atveryend pac
kage
with kernel methods
)
\Fld@listcount=\count287
\c@bookmark@seq@number=\count288

(/usr/local/texlive/2022/texmf-dist/tex/latex/rerunfilecheck/rerunfilecheck.sty
Package: rerunfilecheck 2019/12/05 v1.9 Rerun checks for auxiliary files (HO)

(/usr/local/texlive/2022/texmf-dist/tex/generic/uniquecounter/uniquecounter.sty
Package: uniquecounter 2019/12/15 v1.4 Provide unlimited unique counter (HO)
)
Package uniquecounter Info: New unique counter `rerunfilecheck' on input line 2
86.
)
\Hy@SectionHShift=\skip57
)
Package hyperref Info: Option `colorlinks' set `true' on input line 413.
Package hyperref Info: Option `linktocpage' set `true' on input line 413.
Package hyperref Info: Option `plainpages' set `false' on input line 413.
) (/usr/local/texlive/2022/texmf-dist/tex/latex/base/makeidx.sty
Package: makeidx 2021/10/04 v1.0m Standard LaTeX package
)
\@indexfile=\write3
\openout3 = `Rd2.idx'.


Writing index file Rd2.idx
LaTeX Font Info:    Trying to load font information for T1+ptm on input line 8.

(/usr/local/texlive/2022/texmf-dist/tex/latex/psnfss/t1ptm.fd
File: t1ptm.fd 2001/06/04 font definitions for T1/ptm.
)
(/usr/local/texlive/2022/texmf-dist/tex/latex/l3backend/l3backend-pdftex.def
File: l3backend-pdftex.def 2022-02-07 L3 backend support: PDF output (pdfTeX)
\l__color_backend_stack_int=\count289
\l__pdf_internal_box=\box57
)
(/private/var/folders/04/67_z02nd1090c2k_j83w84m80000gn/T/RtmpxHNSoO/Rd2pdffeba
36f22cd6/Rd2.aux)
\openout1 = `Rd2.aux'.

LaTeX Font Info:    Checking defaults for OML/cmm/m/it on input line 8.
LaTeX Font Info:    ... okay on input line 8.
LaTeX Font Info:    Checking defaults for OMS/cmsy/m/n on input line 8.
LaTeX Font Info:    ... okay on input line 8.
LaTeX Font Info:    Checking defaults for OT1/cmr/m/n on input line 8.
LaTeX Font Info:    ... okay on input line 8.
LaTeX Font Info:    Checking defaults for T1/cmr/m/n on input line 8.
LaTeX Font Info:    ... okay on input line 8.
LaTeX Font Info:    Checking defaults for TS1/cmr/m/n on input line 8.
LaTeX Font Info:    ... okay on input line 8.
LaTeX Font Info:    Checking defaults for OMX/cmex/m/n on input line 8.
LaTeX Font Info:    ... okay on input line 8.
LaTeX Font Info:    Checking defaults for U/cmr/m/n on input line 8.
LaTeX Font Info:    ... okay on input line 8.
LaTeX Font Info:    Checking defaults for PD1/pdf/m/n on input line 8.
LaTeX Font Info:    ... okay on input line 8.
LaTeX Font Info:    Checking defaults for PU/pdf/m/n on input line 8.
LaTeX Font Info:    ... okay on input line 8.

(/usr/local/texlive/2022/texmf-dist/tex/context/base/mkii/supp-pdf.mkii
[Loading MPS to PDF converter (version 2006.09.02).]
\scratchcounter=\count290
\scratchdimen=\dimen153
\scratchbox=\box58
\nofMPsegments=\count291
\nofMParguments=\count292
\everyMPshowfont=\toks26
\MPscratchCnt=\count293
\MPscratchDim=\dimen154
\MPnumerator=\count294
\makeMPintoPDFobject=\count295
\everyMPtoPDFconversion=\toks27
)
Package hyperref Info: Link coloring ON on input line 8.
 (/usr/local/texlive/2022/texmf-dist/tex/latex/hyperref/nameref.sty
Package: nameref 2021-04-02 v2.47 Cross-referencing by name of section

(/usr/local/texlive/2022/texmf-dist/tex/latex/refcount/refcount.sty
Package: refcount 2019/12/15 v3.6 Data extraction from label references (HO)
)
(/usr/local/texlive/2022/texmf-dist/tex/generic/gettitlestring/gettitlestring.s
ty
Package: gettitlestring 2019/12/15 v1.6 Cleanup title references (HO)
)
\c@section@level=\count296
)
LaTeX Info: Redefining \ref on input line 8.
LaTeX Info: Redefining \pageref on input line 8.
LaTeX Info: Redefining \nameref on input line 8.

(/private/var/folders/04/67_z02nd1090c2k_j83w84m80000gn/T/RtmpxHNSoO/Rd2pdffeba
36f22cd6/Rd2.out)
(/private/var/folders/04/67_z02nd1090c2k_j83w84m80000gn/T/RtmpxHNSoO/Rd2pdffeba
36f22cd6/Rd2.out)
\@outlinefile=\write4
\openout4 = `Rd2.out'.

Package textcomp Info: Symbol \textasciigrave not provided by
(textcomp)             font family ptm in TS1 encoding.
(textcomp)             Default family used instead on input line 20.
Package textcomp Info: Symbol \textasciigrave not provided by
(textcomp)             font family ptm in TS1 encoding.
(textcomp)             Default family used instead on input line 20.
LaTeX Font Info:    Trying to load font information for T1+zi4 on input line 32
.

(/usr/local/texlive/2022/texmf-dist/tex/latex/inconsolata/t1zi4.fd
File: t1zi4.fd 2018/01/14 T1/zi4 (Inconsolata)
)
LaTeX Font Info:    Font shape `T1/zi4/m/n' will be
(Font)              scaled to size 10.0pt on input line 32.

(/private/var/folders/04/67_z02nd1090c2k_j83w84m80000gn/T/RtmpxHNSoO/Rd2pdffeba
36f22cd6/Rd2.toc
LaTeX Font Info:    Trying to load font information for U+msa on input line 1.
 (/usr/local/texlive/2022/texmf-dist/tex/latex/amsfonts/umsa.fd
File: umsa.fd 2013/01/14 v3.01 AMS symbols A
)
LaTeX Font Info:    Trying to load font information for U+msb on input line 1.
 (/usr/local/texlive/2022/texmf-dist/tex/latex/amsfonts/umsb.fd
File: umsb.fd 2013/01/14 v3.01 AMS symbols B
)
LaTeX Font Info:    Trying to load font information for U+rsfs on input line 1.


(/usr/local/texlive/2022/texmf-dist/tex/latex/jknapltx/ursfs.fd
File: ursfs.fd 1998/03/24 rsfs font definition file (jk)
) [1


{/usr/local/texlive/2022/texmf-var/fonts/map/pdftex/updmap/pdftex.map}])
\tf@toc=\write5
\openout5 = `Rd2.toc'.

 [2]
Overfull \hbox (0.42761pt too wide) in paragraph at lines 85--86
[]\T1/ptm/m/n/10 A list of cross-validation folds, typ-i-cally cre-ated with []
\T1/zi4/m/n/10 SuperLearner::CVFolds[]\T1/ptm/m/n/10 . 
 []

[3]
LaTeX Font Info:    Font shape `T1/zi4/m/n' will be
(Font)              scaled to size 9.0pt on input line 142.
 [4] [5] [6] [7] [8] [9]
Overfull \hbox (0.42761pt too wide) in paragraph at lines 448--449
[]\T1/ptm/m/n/10 A list of cross-validation folds, typ-i-cally cre-ated with []
\T1/zi4/m/n/10 SuperLearner::CVFolds[]\T1/ptm/m/n/10 . 
 []


Overfull \hbox (195.72874pt too wide) in paragraph at lines 470--470
 []\T1/zi4/m/n/9 folds <- folds <- SuperLearner::CVFolds(n, id = NULL,Y = Y, cv
Control = SuperLearner::SuperLearner.CV.control(V = JFold, shuffle = TRUE))[] 
 []

[10]
Overfull \hbox (0.42761pt too wide) in paragraph at lines 500--501
[]\T1/ptm/m/n/10 A list of cross-validation folds, typ-i-cally cre-ated with []
\T1/zi4/m/n/10 SuperLearner::CVFolds[]\T1/ptm/m/n/10 . 
 []


Overfull \hbox (195.72874pt too wide) in paragraph at lines 522--522
 []\T1/zi4/m/n/9 folds <- folds <- SuperLearner::CVFolds(n, id = NULL,Y = Y, cv
Control = SuperLearner::SuperLearner.CV.control(V = JFold, shuffle = TRUE))[] 
 []

[11]
Overfull \hbox (0.42761pt too wide) in paragraph at lines 550--551
[]\T1/ptm/m/n/10 A list of cross-validation folds, typ-i-cally cre-ated with []
\T1/zi4/m/n/10 SuperLearner::CVFolds[]\T1/ptm/m/n/10 . 
 []


Overfull \hbox (195.72874pt too wide) in paragraph at lines 571--571
 []\T1/zi4/m/n/9 folds <- folds <- SuperLearner::CVFolds(n, id = NULL,Y = Y, cv
Control = SuperLearner::SuperLearner.CV.control(V = JFold, shuffle = TRUE))[] 
 []

[12]
Overfull \hbox (0.42761pt too wide) in paragraph at lines 601--602
[]\T1/ptm/m/n/10 A list of cross-validation folds, typ-i-cally cre-ated with []
\T1/zi4/m/n/10 SuperLearner::CVFolds[]\T1/ptm/m/n/10 . 
 []

[13] [14]
Overfull \hbox (5.44775pt too wide) in paragraph at lines 704--705
[]\T1/ptm/m/n/10 String in-di-cat-ing the type of sce-nario for delta_Mu ("Lin-
ear", "Thresh-old", "Mix",
 []


Overfull \hbox (3.77783pt too wide) in paragraph at lines 706--707
[]\T1/ptm/m/n/10 String in-di-cat-ing the type of sce-nario for delta_Nu ("Lin-
ear", "Thresh-old", "Mix",
 []

[15]
Overfull \hbox (5.44775pt too wide) in paragraph at lines 752--753
[]\T1/ptm/m/n/10 String in-di-cat-ing the type of sce-nario for delta_Mu ("Lin-
ear", "Thresh-old", "Mix",
 []


Overfull \hbox (3.77783pt too wide) in paragraph at lines 754--755
[]\T1/ptm/m/n/10 String in-di-cat-ing the type of sce-nario for delta_Nu ("Lin-
ear", "Thresh-old", "Mix",
 []

[16] [17] [18] [19]
Overfull \hbox (0.42761pt too wide) in paragraph at lines 986--987
[]\T1/ptm/m/n/10 A list of cross-validation folds, typ-i-cally cre-ated with []
\T1/zi4/m/n/10 SuperLearner::CVFolds[]\T1/ptm/m/n/10 . 
 []

[20]
LaTeX Font Info:    Trying to load font information for TS1+ptm on input line 1
037.
 (/usr/local/texlive/2022/texmf-dist/tex/latex/psnfss/ts1ptm.fd
File: ts1ptm.fd 2001/06/04 font definitions for TS1/ptm.
) [21]
[22]
Overfull \hbox (45.40752pt too wide) in paragraph at lines 1100--1101
[]\T1/ptm/m/n/10 Vector of li-braries for train-ing Su-per Learner (c("SL.mean"
,"SL.glm","SL.ranger","SL.grf")
 []

[23] [24] [25] [26] [27] [28] [29]
Overfull \hbox (0.42761pt too wide) in paragraph at lines 1522--1523
[]\T1/ptm/m/n/10 A list of cross-validation folds, typ-i-cally cre-ated with []
\T1/zi4/m/n/10 SuperLearner::CVFolds[]\T1/ptm/m/n/10 . 
 []

[30] [31]
Overfull \hbox (87.74715pt too wide) in paragraph at lines 1633--1633
 []\T1/zi4/m/n/9 # (Requires user-defined functions: mu0, nu0, prop_score, FW, 
make_psi, sigma_beta, update_mu_XA, update_nu_XA) 
 []

[32]
Overfull \hbox (0.42761pt too wide) in paragraph at lines 1682--1683
[]\T1/ptm/m/n/10 A list of cross-validation folds, typ-i-cally cre-ated with []
\T1/zi4/m/n/10 SuperLearner::CVFolds[]\T1/ptm/m/n/10 . 
 []


Overfull \hbox (8.77771pt too wide) in paragraph at lines 1688--1689
[]\T1/ptm/m/n/10 String in-di-cat-ing the type of sce-nario for delta_Mu ("Lin-
ear", "Thresh-old", "Mix"). 
 []


Overfull \hbox (7.10779pt too wide) in paragraph at lines 1690--1691
[]\T1/ptm/m/n/10 String in-di-cat-ing the type of sce-nario for delta_Nu ("Lin-
ear", "Thresh-old", "Mix"). 
 []

[33]
Overfull \hbox (5.44775pt too wide) in paragraph at lines 1737--1738
[]\T1/ptm/m/n/10 String in-di-cat-ing the type of sce-nario for delta_Mu ("Lin-
ear", "Thresh-old", "Mix",
 []


Overfull \hbox (48.88718pt too wide) in paragraph at lines 1739--1740
[]\T1/ptm/m/n/10 String in-di-cat-ing the type of sce-nario for delta_Nu ("Lin-
ear", "Thresh-old", "Mix","Satisfied",
 []

[34] [35] [36] [37]
LaTeX Font Info:    Trying to load font information for TS1+zi4 on input line 1
946.

(/usr/local/texlive/2022/texmf-dist/tex/latex/inconsolata/ts1zi4.fd
File: ts1zi4.fd 2018/01/14 TS1/zi4 (Inconsolata)
)
LaTeX Font Info:    Font shape `TS1/zi4/m/n' will be
(Font)              scaled to size 10.0pt on input line 1946.
 [38]
[39] [40] [41] [42] [43] [44] [45]
Overfull \hbox (12.53784pt too wide) in paragraph at lines 2383--2384
[]\T1/ptm/m/n/10 A nu-meric vec-tor of GLM co-ef-fi-cients for each col-umn in 
[]\T1/zi4/m/n/10 sigma_psi_collection[]\T1/ptm/m/n/10 . 
 []


Overfull \hbox (16.26765pt too wide) in paragraph at lines 2385--2386
[]\T1/ptm/m/n/10 A list of the op-ti-mal []\T1/zi4/m/n/10 theta []\T1/ptm/m/n/1
0 en-abling the re-con-struc-tion of op-ti-mal []\T1/zi4/m/n/10 sigma_beta(psi)

 []

[46]
Overfull \hbox (12.53784pt too wide) in paragraph at lines 2416--2417
[]\T1/ptm/m/n/10 A nu-meric vec-tor of GLM co-ef-fi-cients for each col-umn in 
[]\T1/zi4/m/n/10 sigma_psi_collection[]\T1/ptm/m/n/10 . 
 []

[47] [48]
Overfull \hbox (8.77771pt too wide) in paragraph at lines 2509--2510
[]\T1/ptm/m/n/10 String in-di-cat-ing the type of sce-nario for delta_Mu ("Lin-
ear", "Thresh-old", "Mix"). 
 []


Overfull \hbox (7.10779pt too wide) in paragraph at lines 2511--2512
[]\T1/ptm/m/n/10 String in-di-cat-ing the type of sce-nario for delta_Nu ("Lin-
ear", "Thresh-old", "Mix"). 
 []


(/private/var/folders/04/67_z02nd1090c2k_j83w84m80000gn/T/RtmpxHNSoO/Rd2pdffeba
36f22cd6/Rd2.ind [49]

LaTeX Font Warning: Font shape `T1/zi4/m/it' undefined
(Font)              using `T1/zi4/m/n' instead on input line 69.

LaTeX Font Info:    Font shape `T1/zi4/m/it' will be
(Font)              scaled to size 10.0pt on input line 81.
[50

] [51

])
(/private/var/folders/04/67_z02nd1090c2k_j83w84m80000gn/T/RtmpxHNSoO/Rd2pdffeba
36f22cd6/Rd2.aux)

LaTeX Font Warning: Some font shapes were not available, defaults substituted.

Package rerunfilecheck Info: File `Rd2.out' has not changed.
(rerunfilecheck)             Checksum: 9FE06496B1BB91096AEE02BD143DC836;9125.
 ) 
Here is how much of TeX's memory you used:
 10815 strings out of 478268
 167550 string characters out of 5846347
 453201 words of memory out of 5000000
 28339 multiletter control sequences out of 15000+600000
 507038 words of font info for 75 fonts, out of 8000000 for 9000
 1141 hyphenation exceptions out of 8191
 77i,6n,79p,502b,584s stack positions out of 10000i,1000n,20000p,200000b,200000s

pdfTeX warning (dest): name{Rfn..Rdash.1,1} has been referenced but does not ex
ist, replaced by a fixed one


pdfTeX warning (dest): name{Rfn.threshold,\0401\040.Rdash.\040threshold} has be
en referenced but does not exist, replaced by a fixed one


pdfTeX warning (dest): name{Rfn.0,\0401} has been referenced but does not exist
, replaced by a fixed one


pdfTeX warning (dest): name{Rfn.0,1/2} has been referenced but does not exist, 
replaced by a fixed one


pdfTeX warning (dest): name{Rfn.0,1} has been referenced but does not exist, re
placed by a fixed one

{/usr/local/texlive/2022/texmf-dist/fonts/enc/dvips/inconsolata/i4-ts1.enc}{/us
r/local/texlive/2022/texmf-dist/fonts/enc/dvips/base/8r.enc}{/usr/local/texlive
/2022/texmf-dist/fonts/enc/dvips/inconsolata/i4-t1-0.enc}{/usr/local/texlive/20
22/texmf-dist/fonts/enc/dvips/cm-super/cm-super-ts1.enc}</usr/local/texlive/202
2/texmf-dist/fonts/type1/public/inconsolata/Inconsolata-zi4r.pfb></usr/local/te
xlive/2022/texmf-dist/fonts/type1/public/amsfonts/cm/cmmi10.pfb></usr/local/tex
live/2022/texmf-dist/fonts/type1/public/amsfonts/cm/cmmi7.pfb></usr/local/texli
ve/2022/texmf-dist/fonts/type1/public/amsfonts/cm/cmr10.pfb></usr/local/texlive
/2022/texmf-dist/fonts/type1/public/amsfonts/cm/cmsy10.pfb></usr/local/texlive/
2022/texmf-dist/fonts/type1/public/cm-super/sfrm1000.pfb></usr/local/texlive/20
22/texmf-dist/fonts/type1/urw/times/utmb8a.pfb></usr/local/texlive/2022/texmf-d
ist/fonts/type1/urw/times/utmr8a.pfb></usr/local/texlive/2022/texmf-dist/fonts/
type1/urw/times/utmr8a.pfb></usr/local/texlive/2022/texmf-dist/fonts/type1/urw/
times/utmri8a.pfb>
Output written on Rd2.pdf (51 pages, 227194 bytes).
PDF statistics:
 1301 PDF objects out of 1440 (max. 8388607)
 1214 compressed objects within 13 object streams
 501 named destinations out of 1000 (max. 500000)
 553 words of extra memory for PDF output out of 10000 (max. 10000000)

