Hmm ... looks like a package
Converting parsed Rd's to LaTeX ......
Creating pdf output from LaTeX ...

This is pdfTeX, Version 3.141592653-2.6-1.40.24 (TeX Live 2022) (preloaded format=pdflatex)
 restricted \write18 enabled.
entering extended mode
LaTeX2e <2021-11-15> patch level 1
L3 programming layer <2022-02-24> (./Rd2.tex
(/usr/local/texlive/2022/texmf-dist/tex/latex/base/book.cls
Document Class: book 2021/10/04 v1.4n Standard LaTeX document class
(/usr/local/texlive/2022/texmf-dist/tex/latex/base/bk10.clo))
(/Library/Frameworks/R.framework/Resources/share/texmf/tex/latex/Rd.sty
(/usr/local/texlive/2022/texmf-dist/tex/latex/base/ifthen.sty)
(/usr/local/texlive/2022/texmf-dist/tex/generic/iftex/iftex.sty)
(/usr/local/texlive/2022/texmf-dist/tex/latex/tools/longtable.sty)
(/usr/local/texlive/2022/texmf-dist/tex/latex/tools/bm.sty)
(/usr/local/texlive/2022/texmf-dist/tex/latex/base/alltt.sty)
(/usr/local/texlive/2022/texmf-dist/tex/latex/tools/verbatim.sty)
(/usr/local/texlive/2022/texmf-dist/tex/latex/url/url.sty)
(/usr/local/texlive/2022/texmf-dist/tex/latex/base/textcomp.sty)
(/usr/local/texlive/2022/texmf-dist/tex/latex/amsmath/amsmath.sty
For additional information on amsmath, use the `?' option.
(/usr/local/texlive/2022/texmf-dist/tex/latex/amsmath/amstext.sty
(/usr/local/texlive/2022/texmf-dist/tex/latex/amsmath/amsgen.sty))
(/usr/local/texlive/2022/texmf-dist/tex/latex/amsmath/amsbsy.sty)
(/usr/local/texlive/2022/texmf-dist/tex/latex/amsmath/amsopn.sty))
(/usr/local/texlive/2022/texmf-dist/tex/latex/amsfonts/amsfonts.sty)
(/usr/local/texlive/2022/texmf-dist/tex/latex/amsfonts/amssymb.sty)
(/usr/local/texlive/2022/texmf-dist/tex/latex/jknapltx/mathrsfs.sty)
(/usr/local/texlive/2022/texmf-dist/tex/latex/base/fontenc.sty)
(/usr/local/texlive/2022/texmf-dist/tex/latex/psnfss/times.sty)
(/usr/local/texlive/2022/texmf-dist/tex/latex/inconsolata/zi4.sty
`inconsolata-zi4' v1.12, 2019/05/17 Text macros for Inconsolata (msharpe)
(/usr/local/texlive/2022/texmf-dist/tex/latex/xkeyval/xkeyval.sty
(/usr/local/texlive/2022/texmf-dist/tex/generic/xkeyval/xkeyval.tex
(/usr/local/texlive/2022/texmf-dist/tex/generic/xkeyval/xkvutils.tex
(/usr/local/texlive/2022/texmf-dist/tex/generic/xkeyval/keyval.tex)))))
(/usr/local/texlive/2022/texmf-dist/tex/latex/graphics/color.sty
(/usr/local/texlive/2022/texmf-dist/tex/latex/graphics-cfg/color.cfg)
(/usr/local/texlive/2022/texmf-dist/tex/latex/graphics-def/pdftex.def))
(/usr/local/texlive/2022/texmf-dist/tex/latex/hyperref/hyperref.sty
(/usr/local/texlive/2022/texmf-dist/tex/generic/ltxcmds/ltxcmds.sty)
(/usr/local/texlive/2022/texmf-dist/tex/generic/pdftexcmds/pdftexcmds.sty
(/usr/local/texlive/2022/texmf-dist/tex/generic/infwarerr/infwarerr.sty))
(/usr/local/texlive/2022/texmf-dist/tex/generic/kvsetkeys/kvsetkeys.sty)
(/usr/local/texlive/2022/texmf-dist/tex/generic/kvdefinekeys/kvdefinekeys.sty)
(/usr/local/texlive/2022/texmf-dist/tex/generic/pdfescape/pdfescape.sty)
(/usr/local/texlive/2022/texmf-dist/tex/latex/hycolor/hycolor.sty)
(/usr/local/texlive/2022/texmf-dist/tex/latex/letltxmacro/letltxmacro.sty)
(/usr/local/texlive/2022/texmf-dist/tex/latex/auxhook/auxhook.sty)
(/usr/local/texlive/2022/texmf-dist/tex/latex/kvoptions/kvoptions.sty)
(/usr/local/texlive/2022/texmf-dist/tex/latex/hyperref/pd1enc.def)
(/usr/local/texlive/2022/texmf-dist/tex/generic/intcalc/intcalc.sty)
(/usr/local/texlive/2022/texmf-dist/tex/generic/etexcmds/etexcmds.sty)
(/usr/local/texlive/2022/texmf-dist/tex/latex/hyperref/puenc.def)
(/usr/local/texlive/2022/texmf-dist/tex/generic/bitset/bitset.sty
(/usr/local/texlive/2022/texmf-dist/tex/generic/bigintcalc/bigintcalc.sty))
(/usr/local/texlive/2022/texmf-dist/tex/latex/base/atbegshi-ltx.sty))
(/usr/local/texlive/2022/texmf-dist/tex/latex/hyperref/hpdftex.def
(/usr/local/texlive/2022/texmf-dist/tex/latex/base/atveryend-ltx.sty)
(/usr/local/texlive/2022/texmf-dist/tex/latex/rerunfilecheck/rerunfilecheck.sty

(/usr/local/texlive/2022/texmf-dist/tex/generic/uniquecounter/uniquecounter.sty
)))) (/usr/local/texlive/2022/texmf-dist/tex/latex/base/makeidx.sty)
Writing index file Rd2.idx
(/usr/local/texlive/2022/texmf-dist/tex/latex/psnfss/t1ptm.fd)
(/usr/local/texlive/2022/texmf-dist/tex/latex/l3backend/l3backend-pdftex.def)
No file Rd2.aux.
(/usr/local/texlive/2022/texmf-dist/tex/context/base/mkii/supp-pdf.mkii
[Loading MPS to PDF converter (version 2006.09.02).]
) (/usr/local/texlive/2022/texmf-dist/tex/latex/hyperref/nameref.sty
(/usr/local/texlive/2022/texmf-dist/tex/latex/refcount/refcount.sty)
(/usr/local/texlive/2022/texmf-dist/tex/generic/gettitlestring/gettitlestring.s
ty)) (/usr/local/texlive/2022/texmf-dist/tex/latex/inconsolata/t1zi4.fd)
(/usr/local/texlive/2022/texmf-dist/tex/latex/amsfonts/umsa.fd)
(/usr/local/texlive/2022/texmf-dist/tex/latex/amsfonts/umsb.fd)
(/usr/local/texlive/2022/texmf-dist/tex/latex/jknapltx/ursfs.fd) [1{/usr/local/
texlive/2022/texmf-var/fonts/map/pdftex/updmap/pdftex.map}]
Overfull \hbox (3.80762pt too wide) in paragraph at lines 77--78
[]\T1/ptm/m/n/10 A nu-meric vec-tor or ma-trix of length n rep-re-sent-ing pri-
mary out-comes (in \T1/zi4/m/n/10 [0,1]\T1/ptm/m/n/10 ). 

Overfull \hbox (0.42761pt too wide) in paragraph at lines 85--86
[]\T1/ptm/m/n/10 A list of cross-validation folds, typ-i-cally cre-ated with []
\T1/zi4/m/n/10 SuperLearner::CVFolds[]\T1/ptm/m/n/10 . 
[2] [3] [4] [5] [6] [7] [8]
Overfull \hbox (3.80762pt too wide) in paragraph at lines 442--443
[]\T1/ptm/m/n/10 A nu-meric vec-tor or ma-trix of length n rep-re-sent-ing pri-
mary out-comes (in \T1/zi4/m/n/10 [0,1]\T1/ptm/m/n/10 ). 

Overfull \hbox (0.42761pt too wide) in paragraph at lines 448--449
[]\T1/ptm/m/n/10 A list of cross-validation folds, typ-i-cally cre-ated with []
\T1/zi4/m/n/10 SuperLearner::CVFolds[]\T1/ptm/m/n/10 . 
[9]
Overfull \hbox (0.42761pt too wide) in paragraph at lines 508--509
[]\T1/ptm/m/n/10 A list of cross-validation folds, typ-i-cally cre-ated with []
\T1/zi4/m/n/10 SuperLearner::CVFolds[]\T1/ptm/m/n/10 . 
[10]
Overfull \hbox (0.42761pt too wide) in paragraph at lines 566--567
[]\T1/ptm/m/n/10 A list of cross-validation folds, typ-i-cally cre-ated with []
\T1/zi4/m/n/10 SuperLearner::CVFolds[]\T1/ptm/m/n/10 . 
[11]
Overfull \hbox (0.42761pt too wide) in paragraph at lines 625--626
[]\T1/ptm/m/n/10 A list of cross-validation folds, typ-i-cally cre-ated with []
\T1/zi4/m/n/10 SuperLearner::CVFolds[]\T1/ptm/m/n/10 . 
[12] [13]
Overfull \hbox (5.44775pt too wide) in paragraph at lines 728--729
[]\T1/ptm/m/n/10 String in-di-cat-ing the type of sce-nario for delta_Mu ("Lin-
ear", "Thresh-old", "Mix",

Overfull \hbox (3.77783pt too wide) in paragraph at lines 730--731
[]\T1/ptm/m/n/10 String in-di-cat-ing the type of sce-nario for delta_Nu ("Lin-
ear", "Thresh-old", "Mix",
[14]
Overfull \hbox (5.44775pt too wide) in paragraph at lines 776--777
[]\T1/ptm/m/n/10 String in-di-cat-ing the type of sce-nario for delta_Mu ("Lin-
ear", "Thresh-old", "Mix",

Overfull \hbox (3.77783pt too wide) in paragraph at lines 778--779
[]\T1/ptm/m/n/10 String in-di-cat-ing the type of sce-nario for delta_Nu ("Lin-
ear", "Thresh-old", "Mix",
[15] [16] [17] [18]
Overfull \hbox (3.80762pt too wide) in paragraph at lines 988--989
[]\T1/ptm/m/n/10 A nu-meric vec-tor or ma-trix of length n rep-re-sent-ing pri-
mary out-comes (in \T1/zi4/m/n/10 [0,1]\T1/ptm/m/n/10 ). 

Overfull \hbox (0.42761pt too wide) in paragraph at lines 992--993
[]\T1/ptm/m/n/10 A list of cross-validation folds, typ-i-cally cre-ated with []
\T1/zi4/m/n/10 SuperLearner::CVFolds[]\T1/ptm/m/n/10 . 
[19]
Overfull \hbox (3.80762pt too wide) in paragraph at lines 1031--1032
[]\T1/ptm/m/n/10 A nu-meric vec-tor or ma-trix of length n rep-re-sent-ing pri-
mary out-comes (in \T1/zi4/m/n/10 [0,1]\T1/ptm/m/n/10 ). 
(/usr/local/texlive/2022/texmf-dist/tex/latex/psnfss/ts1ptm.fd) [20]
Overfull \hbox (3.80762pt too wide) in paragraph at lines 1088--1089
[]\T1/ptm/m/n/10 A nu-meric vec-tor or ma-trix of length n rep-re-sent-ing pri-
mary out-comes (in \T1/zi4/m/n/10 [0,1]\T1/ptm/m/n/10 ). 

Overfull \hbox (45.40752pt too wide) in paragraph at lines 1106--1107
[]\T1/ptm/m/n/10 Vector of li-braries for train-ing Su-per Learner (c("SL.mean"
,"SL.glm","SL.ranger","SL.grf")
[21] [22] [23] [24] [25] [26] [27]
Overfull \hbox (3.80762pt too wide) in paragraph at lines 1516--1517
[]\T1/ptm/m/n/10 A nu-meric vec-tor or ma-trix of length n rep-re-sent-ing pri-
mary out-comes (in \T1/zi4/m/n/10 [0,1]\T1/ptm/m/n/10 ). 

Overfull \hbox (0.42761pt too wide) in paragraph at lines 1520--1521
[]\T1/ptm/m/n/10 A list of cross-validation folds, typ-i-cally cre-ated with []
\T1/zi4/m/n/10 SuperLearner::CVFolds[]\T1/ptm/m/n/10 . 
[28] [29]
Overfull \hbox (3.80762pt too wide) in paragraph at lines 1592--1593
[]\T1/ptm/m/n/10 A nu-meric vec-tor or ma-trix of length n rep-re-sent-ing pri-
mary out-comes (in \T1/zi4/m/n/10 [0,1]\T1/ptm/m/n/10 ). 
[30]
Overfull \hbox (3.80762pt too wide) in paragraph at lines 1680--1681
[]\T1/ptm/m/n/10 A nu-meric vec-tor or ma-trix of length n rep-re-sent-ing pri-
mary out-comes (in \T1/zi4/m/n/10 [0,1]\T1/ptm/m/n/10 ). 
[31]
Overfull \hbox (0.42761pt too wide) in paragraph at lines 1684--1685
[]\T1/ptm/m/n/10 A list of cross-validation folds, typ-i-cally cre-ated with []
\T1/zi4/m/n/10 SuperLearner::CVFolds[]\T1/ptm/m/n/10 . 

Overfull \hbox (8.77771pt too wide) in paragraph at lines 1692--1693
[]\T1/ptm/m/n/10 String in-di-cat-ing the type of sce-nario for delta_Mu ("Lin-
ear", "Thresh-old", "Mix"). 

Overfull \hbox (7.10779pt too wide) in paragraph at lines 1694--1695
[]\T1/ptm/m/n/10 String in-di-cat-ing the type of sce-nario for delta_Nu ("Lin-
ear", "Thresh-old", "Mix"). 
[32]
Overfull \hbox (5.44775pt too wide) in paragraph at lines 1741--1742
[]\T1/ptm/m/n/10 String in-di-cat-ing the type of sce-nario for delta_Mu ("Lin-
ear", "Thresh-old", "Mix",

Overfull \hbox (48.88718pt too wide) in paragraph at lines 1743--1744
[]\T1/ptm/m/n/10 String in-di-cat-ing the type of sce-nario for delta_Nu ("Lin-
ear", "Thresh-old", "Mix","Satisfied",
[33] [34] [35]
(/usr/local/texlive/2022/texmf-dist/tex/latex/inconsolata/ts1zi4.fd) [36]
Overfull \hbox (3.80762pt too wide) in paragraph at lines 1973--1974
[]\T1/ptm/m/n/10 A nu-meric vec-tor or ma-trix of length n rep-re-sent-ing pri-
mary out-comes (in \T1/zi4/m/n/10 [0,1]\T1/ptm/m/n/10 ). 
[37] [38] [39] [40] [41] [42] [43]
Overfull \hbox (12.53784pt too wide) in paragraph at lines 2356--2357
[]\T1/ptm/m/n/10 A nu-meric vec-tor of GLM co-ef-fi-cients for each col-umn in 
[]\T1/zi4/m/n/10 sigma_psi_collection[]\T1/ptm/m/n/10 . 

Overfull \hbox (16.26765pt too wide) in paragraph at lines 2358--2359
[]\T1/ptm/m/n/10 A list of the op-ti-mal []\T1/zi4/m/n/10 theta []\T1/ptm/m/n/1
0 en-abling the re-con-struc-tion of op-ti-mal []\T1/zi4/m/n/10 sigma_beta(psi)

[44]
Overfull \hbox (12.53784pt too wide) in paragraph at lines 2389--2390
[]\T1/ptm/m/n/10 A nu-meric vec-tor of GLM co-ef-fi-cients for each col-umn in 
[]\T1/zi4/m/n/10 sigma_psi_collection[]\T1/ptm/m/n/10 . 
[45] [46]
Overfull \hbox (8.77771pt too wide) in paragraph at lines 2482--2483
[]\T1/ptm/m/n/10 String in-di-cat-ing the type of sce-nario for delta_Mu ("Lin-
ear", "Thresh-old", "Mix"). 

Overfull \hbox (7.10779pt too wide) in paragraph at lines 2484--2485
[]\T1/ptm/m/n/10 String in-di-cat-ing the type of sce-nario for delta_Nu ("Lin-
ear", "Thresh-old", "Mix"). 
No file Rd2.ind.
[47]
(/private/var/folders/04/67_z02nd1090c2k_j83w84m80000gn/T/RtmphkIa62/Rd2pdf10ef
6730755b5/Rd2.aux)

Package rerunfilecheck Warning: File `Rd2.out' has changed.
(rerunfilecheck)                Rerun to get outlines right
(rerunfilecheck)                or use package `bookmark'.

 )
(see the transcript file for additional information)
pdfTeX warning (dest): name{Rfn.0,\0401} has been referenced but does not exist
, replaced by a fixed one


pdfTeX warning (dest): name{Rfn.threshold,\0401\040.Rdash.\040threshold} has be
en referenced but does not exist, replaced by a fixed one

{/usr/local/texlive/2022/texmf-dist/fonts/enc/dvips/inconsolata/i4-ts1.enc}{/us
r/local/texlive/2022/texmf-dist/fonts/enc/dvips/base/8r.enc}{/usr/local/texlive
/2022/texmf-dist/fonts/enc/dvips/inconsolata/i4-t1-0.enc}{/usr/local/texlive/20
22/texmf-dist/fonts/enc/dvips/cm-super/cm-super-ts1.enc}</usr/local/texlive/202
2/texmf-dist/fonts/type1/public/inconsolata/Inconsolata-zi4r.pfb></usr/local/te
xlive/2022/texmf-dist/fonts/type1/public/amsfonts/cm/cmmi10.pfb></usr/local/tex
live/2022/texmf-dist/fonts/type1/public/amsfonts/cm/cmmi7.pfb></usr/local/texli
ve/2022/texmf-dist/fonts/type1/public/amsfonts/cm/cmr10.pfb></usr/local/texlive
/2022/texmf-dist/fonts/type1/public/amsfonts/cm/cmsy10.pfb></usr/local/texlive/
2022/texmf-dist/fonts/type1/public/cm-super/sfrm1000.pfb></usr/local/texlive/20
22/texmf-dist/fonts/type1/urw/times/utmb8a.pfb></usr/local/texlive/2022/texmf-d
ist/fonts/type1/urw/times/utmr8a.pfb></usr/local/texlive/2022/texmf-dist/fonts/
type1/urw/times/utmr8a.pfb></usr/local/texlive/2022/texmf-dist/fonts/type1/urw/
times/utmri8a.pfb>
Output written on Rd2.pdf (47 pages, 206075 bytes).
Transcript written on Rd2.log.
This is makeindex, version 2.16 [TeX Live 2022] (kpathsea + Thai support).
Scanning input file Rd2.idx....done (75 entries accepted, 0 rejected).
Sorting entries....done (549 comparisons).
Generating output file Rd2.ind....done (127 lines written, 0 warnings).
Output written in Rd2.ind.
Transcript written in Rd2.ilg.
This is pdfTeX, Version 3.141592653-2.6-1.40.24 (TeX Live 2022) (preloaded format=pdflatex)
 restricted \write18 enabled.
entering extended mode
LaTeX2e <2021-11-15> patch level 1
L3 programming layer <2022-02-24> (./Rd2.tex
(/usr/local/texlive/2022/texmf-dist/tex/latex/base/book.cls
Document Class: book 2021/10/04 v1.4n Standard LaTeX document class
(/usr/local/texlive/2022/texmf-dist/tex/latex/base/bk10.clo))
(/Library/Frameworks/R.framework/Resources/share/texmf/tex/latex/Rd.sty
(/usr/local/texlive/2022/texmf-dist/tex/latex/base/ifthen.sty)
(/usr/local/texlive/2022/texmf-dist/tex/generic/iftex/iftex.sty)
(/usr/local/texlive/2022/texmf-dist/tex/latex/tools/longtable.sty)
(/usr/local/texlive/2022/texmf-dist/tex/latex/tools/bm.sty)
(/usr/local/texlive/2022/texmf-dist/tex/latex/base/alltt.sty)
(/usr/local/texlive/2022/texmf-dist/tex/latex/tools/verbatim.sty)
(/usr/local/texlive/2022/texmf-dist/tex/latex/url/url.sty)
(/usr/local/texlive/2022/texmf-dist/tex/latex/base/textcomp.sty)
(/usr/local/texlive/2022/texmf-dist/tex/latex/amsmath/amsmath.sty
For additional information on amsmath, use the `?' option.
(/usr/local/texlive/2022/texmf-dist/tex/latex/amsmath/amstext.sty
(/usr/local/texlive/2022/texmf-dist/tex/latex/amsmath/amsgen.sty))
(/usr/local/texlive/2022/texmf-dist/tex/latex/amsmath/amsbsy.sty)
(/usr/local/texlive/2022/texmf-dist/tex/latex/amsmath/amsopn.sty))
(/usr/local/texlive/2022/texmf-dist/tex/latex/amsfonts/amsfonts.sty)
(/usr/local/texlive/2022/texmf-dist/tex/latex/amsfonts/amssymb.sty)
(/usr/local/texlive/2022/texmf-dist/tex/latex/jknapltx/mathrsfs.sty)
(/usr/local/texlive/2022/texmf-dist/tex/latex/base/fontenc.sty)
(/usr/local/texlive/2022/texmf-dist/tex/latex/psnfss/times.sty)
(/usr/local/texlive/2022/texmf-dist/tex/latex/inconsolata/zi4.sty
`inconsolata-zi4' v1.12, 2019/05/17 Text macros for Inconsolata (msharpe)
(/usr/local/texlive/2022/texmf-dist/tex/latex/xkeyval/xkeyval.sty
(/usr/local/texlive/2022/texmf-dist/tex/generic/xkeyval/xkeyval.tex
(/usr/local/texlive/2022/texmf-dist/tex/generic/xkeyval/xkvutils.tex
(/usr/local/texlive/2022/texmf-dist/tex/generic/xkeyval/keyval.tex)))))
(/usr/local/texlive/2022/texmf-dist/tex/latex/graphics/color.sty
(/usr/local/texlive/2022/texmf-dist/tex/latex/graphics-cfg/color.cfg)
(/usr/local/texlive/2022/texmf-dist/tex/latex/graphics-def/pdftex.def))
(/usr/local/texlive/2022/texmf-dist/tex/latex/hyperref/hyperref.sty
(/usr/local/texlive/2022/texmf-dist/tex/generic/ltxcmds/ltxcmds.sty)
(/usr/local/texlive/2022/texmf-dist/tex/generic/pdftexcmds/pdftexcmds.sty
(/usr/local/texlive/2022/texmf-dist/tex/generic/infwarerr/infwarerr.sty))
(/usr/local/texlive/2022/texmf-dist/tex/generic/kvsetkeys/kvsetkeys.sty)
(/usr/local/texlive/2022/texmf-dist/tex/generic/kvdefinekeys/kvdefinekeys.sty)
(/usr/local/texlive/2022/texmf-dist/tex/generic/pdfescape/pdfescape.sty)
(/usr/local/texlive/2022/texmf-dist/tex/latex/hycolor/hycolor.sty)
(/usr/local/texlive/2022/texmf-dist/tex/latex/letltxmacro/letltxmacro.sty)
(/usr/local/texlive/2022/texmf-dist/tex/latex/auxhook/auxhook.sty)
(/usr/local/texlive/2022/texmf-dist/tex/latex/kvoptions/kvoptions.sty)
(/usr/local/texlive/2022/texmf-dist/tex/latex/hyperref/pd1enc.def)
(/usr/local/texlive/2022/texmf-dist/tex/generic/intcalc/intcalc.sty)
(/usr/local/texlive/2022/texmf-dist/tex/generic/etexcmds/etexcmds.sty)
(/usr/local/texlive/2022/texmf-dist/tex/latex/hyperref/puenc.def)
(/usr/local/texlive/2022/texmf-dist/tex/generic/bitset/bitset.sty
(/usr/local/texlive/2022/texmf-dist/tex/generic/bigintcalc/bigintcalc.sty))
(/usr/local/texlive/2022/texmf-dist/tex/latex/base/atbegshi-ltx.sty))
(/usr/local/texlive/2022/texmf-dist/tex/latex/hyperref/hpdftex.def
(/usr/local/texlive/2022/texmf-dist/tex/latex/base/atveryend-ltx.sty)
(/usr/local/texlive/2022/texmf-dist/tex/latex/rerunfilecheck/rerunfilecheck.sty

(/usr/local/texlive/2022/texmf-dist/tex/generic/uniquecounter/uniquecounter.sty
)))) (/usr/local/texlive/2022/texmf-dist/tex/latex/base/makeidx.sty)
Writing index file Rd2.idx
(/usr/local/texlive/2022/texmf-dist/tex/latex/psnfss/t1ptm.fd)
(/usr/local/texlive/2022/texmf-dist/tex/latex/l3backend/l3backend-pdftex.def)
(/private/var/folders/04/67_z02nd1090c2k_j83w84m80000gn/T/RtmphkIa62/Rd2pdf10ef
6730755b5/Rd2.aux)
(/usr/local/texlive/2022/texmf-dist/tex/context/base/mkii/supp-pdf.mkii
[Loading MPS to PDF converter (version 2006.09.02).]
) (/usr/local/texlive/2022/texmf-dist/tex/latex/hyperref/nameref.sty
(/usr/local/texlive/2022/texmf-dist/tex/latex/refcount/refcount.sty)
(/usr/local/texlive/2022/texmf-dist/tex/generic/gettitlestring/gettitlestring.s
ty))
(/private/var/folders/04/67_z02nd1090c2k_j83w84m80000gn/T/RtmphkIa62/Rd2pdf10ef
6730755b5/Rd2.out)
(/private/var/folders/04/67_z02nd1090c2k_j83w84m80000gn/T/RtmphkIa62/Rd2pdf10ef
6730755b5/Rd2.out)
(/usr/local/texlive/2022/texmf-dist/tex/latex/inconsolata/t1zi4.fd)
(/private/var/folders/04/67_z02nd1090c2k_j83w84m80000gn/T/RtmphkIa62/Rd2pdf10ef
6730755b5/Rd2.toc
(/usr/local/texlive/2022/texmf-dist/tex/latex/amsfonts/umsa.fd)
(/usr/local/texlive/2022/texmf-dist/tex/latex/amsfonts/umsb.fd)
(/usr/local/texlive/2022/texmf-dist/tex/latex/jknapltx/ursfs.fd) [1{/usr/local/
texlive/2022/texmf-var/fonts/map/pdftex/updmap/pdftex.map}]) [2]
Overfull \hbox (3.80762pt too wide) in paragraph at lines 77--78
[]\T1/ptm/m/n/10 A nu-meric vec-tor or ma-trix of length n rep-re-sent-ing pri-
mary out-comes (in \T1/zi4/m/n/10 [0,1]\T1/ptm/m/n/10 ). 

Overfull \hbox (0.42761pt too wide) in paragraph at lines 85--86
[]\T1/ptm/m/n/10 A list of cross-validation folds, typ-i-cally cre-ated with []
\T1/zi4/m/n/10 SuperLearner::CVFolds[]\T1/ptm/m/n/10 . 
[3] [4] [5] [6] [7] [8] [9]
Overfull \hbox (3.80762pt too wide) in paragraph at lines 442--443
[]\T1/ptm/m/n/10 A nu-meric vec-tor or ma-trix of length n rep-re-sent-ing pri-
mary out-comes (in \T1/zi4/m/n/10 [0,1]\T1/ptm/m/n/10 ). 

Overfull \hbox (0.42761pt too wide) in paragraph at lines 448--449
[]\T1/ptm/m/n/10 A list of cross-validation folds, typ-i-cally cre-ated with []
\T1/zi4/m/n/10 SuperLearner::CVFolds[]\T1/ptm/m/n/10 . 
[10]
Overfull \hbox (0.42761pt too wide) in paragraph at lines 508--509
[]\T1/ptm/m/n/10 A list of cross-validation folds, typ-i-cally cre-ated with []
\T1/zi4/m/n/10 SuperLearner::CVFolds[]\T1/ptm/m/n/10 . 
[11]
Overfull \hbox (0.42761pt too wide) in paragraph at lines 566--567
[]\T1/ptm/m/n/10 A list of cross-validation folds, typ-i-cally cre-ated with []
\T1/zi4/m/n/10 SuperLearner::CVFolds[]\T1/ptm/m/n/10 . 
[12]
Overfull \hbox (0.42761pt too wide) in paragraph at lines 625--626
[]\T1/ptm/m/n/10 A list of cross-validation folds, typ-i-cally cre-ated with []
\T1/zi4/m/n/10 SuperLearner::CVFolds[]\T1/ptm/m/n/10 . 
[13] [14]
Overfull \hbox (5.44775pt too wide) in paragraph at lines 728--729
[]\T1/ptm/m/n/10 String in-di-cat-ing the type of sce-nario for delta_Mu ("Lin-
ear", "Thresh-old", "Mix",

Overfull \hbox (3.77783pt too wide) in paragraph at lines 730--731
[]\T1/ptm/m/n/10 String in-di-cat-ing the type of sce-nario for delta_Nu ("Lin-
ear", "Thresh-old", "Mix",
[15]
Overfull \hbox (5.44775pt too wide) in paragraph at lines 776--777
[]\T1/ptm/m/n/10 String in-di-cat-ing the type of sce-nario for delta_Mu ("Lin-
ear", "Thresh-old", "Mix",

Overfull \hbox (3.77783pt too wide) in paragraph at lines 778--779
[]\T1/ptm/m/n/10 String in-di-cat-ing the type of sce-nario for delta_Nu ("Lin-
ear", "Thresh-old", "Mix",
[16] [17] [18] [19]
Overfull \hbox (3.80762pt too wide) in paragraph at lines 988--989
[]\T1/ptm/m/n/10 A nu-meric vec-tor or ma-trix of length n rep-re-sent-ing pri-
mary out-comes (in \T1/zi4/m/n/10 [0,1]\T1/ptm/m/n/10 ). 

Overfull \hbox (0.42761pt too wide) in paragraph at lines 992--993
[]\T1/ptm/m/n/10 A list of cross-validation folds, typ-i-cally cre-ated with []
\T1/zi4/m/n/10 SuperLearner::CVFolds[]\T1/ptm/m/n/10 . 
[20]
Overfull \hbox (3.80762pt too wide) in paragraph at lines 1031--1032
[]\T1/ptm/m/n/10 A nu-meric vec-tor or ma-trix of length n rep-re-sent-ing pri-
mary out-comes (in \T1/zi4/m/n/10 [0,1]\T1/ptm/m/n/10 ). 
(/usr/local/texlive/2022/texmf-dist/tex/latex/psnfss/ts1ptm.fd) [21]
Overfull \hbox (3.80762pt too wide) in paragraph at lines 1088--1089
[]\T1/ptm/m/n/10 A nu-meric vec-tor or ma-trix of length n rep-re-sent-ing pri-
mary out-comes (in \T1/zi4/m/n/10 [0,1]\T1/ptm/m/n/10 ). 

Overfull \hbox (45.40752pt too wide) in paragraph at lines 1106--1107
[]\T1/ptm/m/n/10 Vector of li-braries for train-ing Su-per Learner (c("SL.mean"
,"SL.glm","SL.ranger","SL.grf")
[22] [23] [24] [25] [26] [27] [28]
Overfull \hbox (3.80762pt too wide) in paragraph at lines 1516--1517
[]\T1/ptm/m/n/10 A nu-meric vec-tor or ma-trix of length n rep-re-sent-ing pri-
mary out-comes (in \T1/zi4/m/n/10 [0,1]\T1/ptm/m/n/10 ). 

Overfull \hbox (0.42761pt too wide) in paragraph at lines 1520--1521
[]\T1/ptm/m/n/10 A list of cross-validation folds, typ-i-cally cre-ated with []
\T1/zi4/m/n/10 SuperLearner::CVFolds[]\T1/ptm/m/n/10 . 
[29] [30]
Overfull \hbox (3.80762pt too wide) in paragraph at lines 1592--1593
[]\T1/ptm/m/n/10 A nu-meric vec-tor or ma-trix of length n rep-re-sent-ing pri-
mary out-comes (in \T1/zi4/m/n/10 [0,1]\T1/ptm/m/n/10 ). 
[31]
Overfull \hbox (3.80762pt too wide) in paragraph at lines 1680--1681
[]\T1/ptm/m/n/10 A nu-meric vec-tor or ma-trix of length n rep-re-sent-ing pri-
mary out-comes (in \T1/zi4/m/n/10 [0,1]\T1/ptm/m/n/10 ). 
[32]
Overfull \hbox (0.42761pt too wide) in paragraph at lines 1684--1685
[]\T1/ptm/m/n/10 A list of cross-validation folds, typ-i-cally cre-ated with []
\T1/zi4/m/n/10 SuperLearner::CVFolds[]\T1/ptm/m/n/10 . 

Overfull \hbox (8.77771pt too wide) in paragraph at lines 1692--1693
[]\T1/ptm/m/n/10 String in-di-cat-ing the type of sce-nario for delta_Mu ("Lin-
ear", "Thresh-old", "Mix"). 

Overfull \hbox (7.10779pt too wide) in paragraph at lines 1694--1695
[]\T1/ptm/m/n/10 String in-di-cat-ing the type of sce-nario for delta_Nu ("Lin-
ear", "Thresh-old", "Mix"). 
[33]
Overfull \hbox (5.44775pt too wide) in paragraph at lines 1741--1742
[]\T1/ptm/m/n/10 String in-di-cat-ing the type of sce-nario for delta_Mu ("Lin-
ear", "Thresh-old", "Mix",

Overfull \hbox (48.88718pt too wide) in paragraph at lines 1743--1744
[]\T1/ptm/m/n/10 String in-di-cat-ing the type of sce-nario for delta_Nu ("Lin-
ear", "Thresh-old", "Mix","Satisfied",
[34] [35] [36]
(/usr/local/texlive/2022/texmf-dist/tex/latex/inconsolata/ts1zi4.fd) [37]
Overfull \hbox (3.80762pt too wide) in paragraph at lines 1973--1974
[]\T1/ptm/m/n/10 A nu-meric vec-tor or ma-trix of length n rep-re-sent-ing pri-
mary out-comes (in \T1/zi4/m/n/10 [0,1]\T1/ptm/m/n/10 ). 
[38] [39] [40] [41] [42] [43] [44]
Overfull \hbox (12.53784pt too wide) in paragraph at lines 2356--2357
[]\T1/ptm/m/n/10 A nu-meric vec-tor of GLM co-ef-fi-cients for each col-umn in 
[]\T1/zi4/m/n/10 sigma_psi_collection[]\T1/ptm/m/n/10 . 

Overfull \hbox (16.26765pt too wide) in paragraph at lines 2358--2359
[]\T1/ptm/m/n/10 A list of the op-ti-mal []\T1/zi4/m/n/10 theta []\T1/ptm/m/n/1
0 en-abling the re-con-struc-tion of op-ti-mal []\T1/zi4/m/n/10 sigma_beta(psi)

[45]
Overfull \hbox (12.53784pt too wide) in paragraph at lines 2389--2390
[]\T1/ptm/m/n/10 A nu-meric vec-tor of GLM co-ef-fi-cients for each col-umn in 
[]\T1/zi4/m/n/10 sigma_psi_collection[]\T1/ptm/m/n/10 . 
[46] [47]
Overfull \hbox (8.77771pt too wide) in paragraph at lines 2482--2483
[]\T1/ptm/m/n/10 String in-di-cat-ing the type of sce-nario for delta_Mu ("Lin-
ear", "Thresh-old", "Mix"). 

Overfull \hbox (7.10779pt too wide) in paragraph at lines 2484--2485
[]\T1/ptm/m/n/10 String in-di-cat-ing the type of sce-nario for delta_Nu ("Lin-
ear", "Thresh-old", "Mix"). 

(/private/var/folders/04/67_z02nd1090c2k_j83w84m80000gn/T/RtmphkIa62/Rd2pdf10ef
6730755b5/Rd2.ind [48]

LaTeX Font Warning: Font shape `T1/zi4/m/it' undefined
(Font)              using `T1/zi4/m/n' instead on input line 46.

[49])
(/private/var/folders/04/67_z02nd1090c2k_j83w84m80000gn/T/RtmphkIa62/Rd2pdf10ef
6730755b5/Rd2.aux)

LaTeX Font Warning: Some font shapes were not available, defaults substituted.


Package rerunfilecheck Warning: File `Rd2.out' has changed.
(rerunfilecheck)                Rerun to get outlines right
(rerunfilecheck)                or use package `bookmark'.

 )
(see the transcript file for additional information)
pdfTeX warning (dest): name{Rfn.0,\0401} has been referenced but does not exist
, replaced by a fixed one


pdfTeX warning (dest): name{Rfn.threshold,\0401\040.Rdash.\040threshold} has be
en referenced but does not exist, replaced by a fixed one

{/usr/local/texlive/2022/texmf-dist/fonts/enc/dvips/inconsolata/i4-ts1.enc}{/us
r/local/texlive/2022/texmf-dist/fonts/enc/dvips/base/8r.enc}{/usr/local/texlive
/2022/texmf-dist/fonts/enc/dvips/inconsolata/i4-t1-0.enc}{/usr/local/texlive/20
22/texmf-dist/fonts/enc/dvips/cm-super/cm-super-ts1.enc}</usr/local/texlive/202
2/texmf-dist/fonts/type1/public/inconsolata/Inconsolata-zi4r.pfb></usr/local/te
xlive/2022/texmf-dist/fonts/type1/public/amsfonts/cm/cmmi10.pfb></usr/local/tex
live/2022/texmf-dist/fonts/type1/public/amsfonts/cm/cmmi7.pfb></usr/local/texli
ve/2022/texmf-dist/fonts/type1/public/amsfonts/cm/cmr10.pfb></usr/local/texlive
/2022/texmf-dist/fonts/type1/public/amsfonts/cm/cmsy10.pfb></usr/local/texlive/
2022/texmf-dist/fonts/type1/public/cm-super/sfrm1000.pfb></usr/local/texlive/20
22/texmf-dist/fonts/type1/urw/times/utmb8a.pfb></usr/local/texlive/2022/texmf-d
ist/fonts/type1/urw/times/utmr8a.pfb></usr/local/texlive/2022/texmf-dist/fonts/
type1/urw/times/utmr8a.pfb></usr/local/texlive/2022/texmf-dist/fonts/type1/urw/
times/utmri8a.pfb>
Output written on Rd2.pdf (49 pages, 218319 bytes).
Transcript written on Rd2.log.
This is makeindex, version 2.16 [TeX Live 2022] (kpathsea + Thai support).
Scanning input file Rd2.idx....done (75 entries accepted, 0 rejected).
Sorting entries....done (549 comparisons).
Generating output file Rd2.ind....done (127 lines written, 0 warnings).
Output written in Rd2.ind.
Transcript written in Rd2.ilg.
This is pdfTeX, Version 3.141592653-2.6-1.40.24 (TeX Live 2022) (preloaded format=pdflatex)
 restricted \write18 enabled.
entering extended mode
LaTeX2e <2021-11-15> patch level 1
L3 programming layer <2022-02-24> (./Rd2.tex
(/usr/local/texlive/2022/texmf-dist/tex/latex/base/book.cls
Document Class: book 2021/10/04 v1.4n Standard LaTeX document class
(/usr/local/texlive/2022/texmf-dist/tex/latex/base/bk10.clo))
(/Library/Frameworks/R.framework/Resources/share/texmf/tex/latex/Rd.sty
(/usr/local/texlive/2022/texmf-dist/tex/latex/base/ifthen.sty)
(/usr/local/texlive/2022/texmf-dist/tex/generic/iftex/iftex.sty)
(/usr/local/texlive/2022/texmf-dist/tex/latex/tools/longtable.sty)
(/usr/local/texlive/2022/texmf-dist/tex/latex/tools/bm.sty)
(/usr/local/texlive/2022/texmf-dist/tex/latex/base/alltt.sty)
(/usr/local/texlive/2022/texmf-dist/tex/latex/tools/verbatim.sty)
(/usr/local/texlive/2022/texmf-dist/tex/latex/url/url.sty)
(/usr/local/texlive/2022/texmf-dist/tex/latex/base/textcomp.sty)
(/usr/local/texlive/2022/texmf-dist/tex/latex/amsmath/amsmath.sty
For additional information on amsmath, use the `?' option.
(/usr/local/texlive/2022/texmf-dist/tex/latex/amsmath/amstext.sty
(/usr/local/texlive/2022/texmf-dist/tex/latex/amsmath/amsgen.sty))
(/usr/local/texlive/2022/texmf-dist/tex/latex/amsmath/amsbsy.sty)
(/usr/local/texlive/2022/texmf-dist/tex/latex/amsmath/amsopn.sty))
(/usr/local/texlive/2022/texmf-dist/tex/latex/amsfonts/amsfonts.sty)
(/usr/local/texlive/2022/texmf-dist/tex/latex/amsfonts/amssymb.sty)
(/usr/local/texlive/2022/texmf-dist/tex/latex/jknapltx/mathrsfs.sty)
(/usr/local/texlive/2022/texmf-dist/tex/latex/base/fontenc.sty)
(/usr/local/texlive/2022/texmf-dist/tex/latex/psnfss/times.sty)
(/usr/local/texlive/2022/texmf-dist/tex/latex/inconsolata/zi4.sty
`inconsolata-zi4' v1.12, 2019/05/17 Text macros for Inconsolata (msharpe)
(/usr/local/texlive/2022/texmf-dist/tex/latex/xkeyval/xkeyval.sty
(/usr/local/texlive/2022/texmf-dist/tex/generic/xkeyval/xkeyval.tex
(/usr/local/texlive/2022/texmf-dist/tex/generic/xkeyval/xkvutils.tex
(/usr/local/texlive/2022/texmf-dist/tex/generic/xkeyval/keyval.tex)))))
(/usr/local/texlive/2022/texmf-dist/tex/latex/graphics/color.sty
(/usr/local/texlive/2022/texmf-dist/tex/latex/graphics-cfg/color.cfg)
(/usr/local/texlive/2022/texmf-dist/tex/latex/graphics-def/pdftex.def))
(/usr/local/texlive/2022/texmf-dist/tex/latex/hyperref/hyperref.sty
(/usr/local/texlive/2022/texmf-dist/tex/generic/ltxcmds/ltxcmds.sty)
(/usr/local/texlive/2022/texmf-dist/tex/generic/pdftexcmds/pdftexcmds.sty
(/usr/local/texlive/2022/texmf-dist/tex/generic/infwarerr/infwarerr.sty))
(/usr/local/texlive/2022/texmf-dist/tex/generic/kvsetkeys/kvsetkeys.sty)
(/usr/local/texlive/2022/texmf-dist/tex/generic/kvdefinekeys/kvdefinekeys.sty)
(/usr/local/texlive/2022/texmf-dist/tex/generic/pdfescape/pdfescape.sty)
(/usr/local/texlive/2022/texmf-dist/tex/latex/hycolor/hycolor.sty)
(/usr/local/texlive/2022/texmf-dist/tex/latex/letltxmacro/letltxmacro.sty)
(/usr/local/texlive/2022/texmf-dist/tex/latex/auxhook/auxhook.sty)
(/usr/local/texlive/2022/texmf-dist/tex/latex/kvoptions/kvoptions.sty)
(/usr/local/texlive/2022/texmf-dist/tex/latex/hyperref/pd1enc.def)
(/usr/local/texlive/2022/texmf-dist/tex/generic/intcalc/intcalc.sty)
(/usr/local/texlive/2022/texmf-dist/tex/generic/etexcmds/etexcmds.sty)
(/usr/local/texlive/2022/texmf-dist/tex/latex/hyperref/puenc.def)
(/usr/local/texlive/2022/texmf-dist/tex/generic/bitset/bitset.sty
(/usr/local/texlive/2022/texmf-dist/tex/generic/bigintcalc/bigintcalc.sty))
(/usr/local/texlive/2022/texmf-dist/tex/latex/base/atbegshi-ltx.sty))
(/usr/local/texlive/2022/texmf-dist/tex/latex/hyperref/hpdftex.def
(/usr/local/texlive/2022/texmf-dist/tex/latex/base/atveryend-ltx.sty)
(/usr/local/texlive/2022/texmf-dist/tex/latex/rerunfilecheck/rerunfilecheck.sty

(/usr/local/texlive/2022/texmf-dist/tex/generic/uniquecounter/uniquecounter.sty
)))) (/usr/local/texlive/2022/texmf-dist/tex/latex/base/makeidx.sty)
Writing index file Rd2.idx
(/usr/local/texlive/2022/texmf-dist/tex/latex/psnfss/t1ptm.fd)
(/usr/local/texlive/2022/texmf-dist/tex/latex/l3backend/l3backend-pdftex.def)
(/private/var/folders/04/67_z02nd1090c2k_j83w84m80000gn/T/RtmphkIa62/Rd2pdf10ef
6730755b5/Rd2.aux)
(/usr/local/texlive/2022/texmf-dist/tex/context/base/mkii/supp-pdf.mkii
[Loading MPS to PDF converter (version 2006.09.02).]
) (/usr/local/texlive/2022/texmf-dist/tex/latex/hyperref/nameref.sty
(/usr/local/texlive/2022/texmf-dist/tex/latex/refcount/refcount.sty)
(/usr/local/texlive/2022/texmf-dist/tex/generic/gettitlestring/gettitlestring.s
ty))
(/private/var/folders/04/67_z02nd1090c2k_j83w84m80000gn/T/RtmphkIa62/Rd2pdf10ef
6730755b5/Rd2.out)
(/private/var/folders/04/67_z02nd1090c2k_j83w84m80000gn/T/RtmphkIa62/Rd2pdf10ef
6730755b5/Rd2.out)
(/usr/local/texlive/2022/texmf-dist/tex/latex/inconsolata/t1zi4.fd)
(/private/var/folders/04/67_z02nd1090c2k_j83w84m80000gn/T/RtmphkIa62/Rd2pdf10ef
6730755b5/Rd2.toc
(/usr/local/texlive/2022/texmf-dist/tex/latex/amsfonts/umsa.fd)
(/usr/local/texlive/2022/texmf-dist/tex/latex/amsfonts/umsb.fd)
(/usr/local/texlive/2022/texmf-dist/tex/latex/jknapltx/ursfs.fd) [1{/usr/local/
texlive/2022/texmf-var/fonts/map/pdftex/updmap/pdftex.map}]) [2]
Overfull \hbox (3.80762pt too wide) in paragraph at lines 77--78
[]\T1/ptm/m/n/10 A nu-meric vec-tor or ma-trix of length n rep-re-sent-ing pri-
mary out-comes (in \T1/zi4/m/n/10 [0,1]\T1/ptm/m/n/10 ). 

Overfull \hbox (0.42761pt too wide) in paragraph at lines 85--86
[]\T1/ptm/m/n/10 A list of cross-validation folds, typ-i-cally cre-ated with []
\T1/zi4/m/n/10 SuperLearner::CVFolds[]\T1/ptm/m/n/10 . 
[3] [4] [5] [6] [7] [8] [9]
Overfull \hbox (3.80762pt too wide) in paragraph at lines 442--443
[]\T1/ptm/m/n/10 A nu-meric vec-tor or ma-trix of length n rep-re-sent-ing pri-
mary out-comes (in \T1/zi4/m/n/10 [0,1]\T1/ptm/m/n/10 ). 

Overfull \hbox (0.42761pt too wide) in paragraph at lines 448--449
[]\T1/ptm/m/n/10 A list of cross-validation folds, typ-i-cally cre-ated with []
\T1/zi4/m/n/10 SuperLearner::CVFolds[]\T1/ptm/m/n/10 . 
[10]
Overfull \hbox (0.42761pt too wide) in paragraph at lines 508--509
[]\T1/ptm/m/n/10 A list of cross-validation folds, typ-i-cally cre-ated with []
\T1/zi4/m/n/10 SuperLearner::CVFolds[]\T1/ptm/m/n/10 . 
[11]
Overfull \hbox (0.42761pt too wide) in paragraph at lines 566--567
[]\T1/ptm/m/n/10 A list of cross-validation folds, typ-i-cally cre-ated with []
\T1/zi4/m/n/10 SuperLearner::CVFolds[]\T1/ptm/m/n/10 . 
[12]
Overfull \hbox (0.42761pt too wide) in paragraph at lines 625--626
[]\T1/ptm/m/n/10 A list of cross-validation folds, typ-i-cally cre-ated with []
\T1/zi4/m/n/10 SuperLearner::CVFolds[]\T1/ptm/m/n/10 . 
[13] [14]
Overfull \hbox (5.44775pt too wide) in paragraph at lines 728--729
[]\T1/ptm/m/n/10 String in-di-cat-ing the type of sce-nario for delta_Mu ("Lin-
ear", "Thresh-old", "Mix",

Overfull \hbox (3.77783pt too wide) in paragraph at lines 730--731
[]\T1/ptm/m/n/10 String in-di-cat-ing the type of sce-nario for delta_Nu ("Lin-
ear", "Thresh-old", "Mix",
[15]
Overfull \hbox (5.44775pt too wide) in paragraph at lines 776--777
[]\T1/ptm/m/n/10 String in-di-cat-ing the type of sce-nario for delta_Mu ("Lin-
ear", "Thresh-old", "Mix",

Overfull \hbox (3.77783pt too wide) in paragraph at lines 778--779
[]\T1/ptm/m/n/10 String in-di-cat-ing the type of sce-nario for delta_Nu ("Lin-
ear", "Thresh-old", "Mix",
[16] [17] [18] [19]
Overfull \hbox (3.80762pt too wide) in paragraph at lines 988--989
[]\T1/ptm/m/n/10 A nu-meric vec-tor or ma-trix of length n rep-re-sent-ing pri-
mary out-comes (in \T1/zi4/m/n/10 [0,1]\T1/ptm/m/n/10 ). 

Overfull \hbox (0.42761pt too wide) in paragraph at lines 992--993
[]\T1/ptm/m/n/10 A list of cross-validation folds, typ-i-cally cre-ated with []
\T1/zi4/m/n/10 SuperLearner::CVFolds[]\T1/ptm/m/n/10 . 
[20]
Overfull \hbox (3.80762pt too wide) in paragraph at lines 1031--1032
[]\T1/ptm/m/n/10 A nu-meric vec-tor or ma-trix of length n rep-re-sent-ing pri-
mary out-comes (in \T1/zi4/m/n/10 [0,1]\T1/ptm/m/n/10 ). 
(/usr/local/texlive/2022/texmf-dist/tex/latex/psnfss/ts1ptm.fd) [21]
Overfull \hbox (3.80762pt too wide) in paragraph at lines 1088--1089
[]\T1/ptm/m/n/10 A nu-meric vec-tor or ma-trix of length n rep-re-sent-ing pri-
mary out-comes (in \T1/zi4/m/n/10 [0,1]\T1/ptm/m/n/10 ). 

Overfull \hbox (45.40752pt too wide) in paragraph at lines 1106--1107
[]\T1/ptm/m/n/10 Vector of li-braries for train-ing Su-per Learner (c("SL.mean"
,"SL.glm","SL.ranger","SL.grf")
[22] [23] [24] [25] [26] [27] [28]
Overfull \hbox (3.80762pt too wide) in paragraph at lines 1516--1517
[]\T1/ptm/m/n/10 A nu-meric vec-tor or ma-trix of length n rep-re-sent-ing pri-
mary out-comes (in \T1/zi4/m/n/10 [0,1]\T1/ptm/m/n/10 ). 

Overfull \hbox (0.42761pt too wide) in paragraph at lines 1520--1521
[]\T1/ptm/m/n/10 A list of cross-validation folds, typ-i-cally cre-ated with []
\T1/zi4/m/n/10 SuperLearner::CVFolds[]\T1/ptm/m/n/10 . 
[29] [30]
Overfull \hbox (3.80762pt too wide) in paragraph at lines 1592--1593
[]\T1/ptm/m/n/10 A nu-meric vec-tor or ma-trix of length n rep-re-sent-ing pri-
mary out-comes (in \T1/zi4/m/n/10 [0,1]\T1/ptm/m/n/10 ). 
[31]
Overfull \hbox (3.80762pt too wide) in paragraph at lines 1680--1681
[]\T1/ptm/m/n/10 A nu-meric vec-tor or ma-trix of length n rep-re-sent-ing pri-
mary out-comes (in \T1/zi4/m/n/10 [0,1]\T1/ptm/m/n/10 ). 
[32]
Overfull \hbox (0.42761pt too wide) in paragraph at lines 1684--1685
[]\T1/ptm/m/n/10 A list of cross-validation folds, typ-i-cally cre-ated with []
\T1/zi4/m/n/10 SuperLearner::CVFolds[]\T1/ptm/m/n/10 . 

Overfull \hbox (8.77771pt too wide) in paragraph at lines 1692--1693
[]\T1/ptm/m/n/10 String in-di-cat-ing the type of sce-nario for delta_Mu ("Lin-
ear", "Thresh-old", "Mix"). 

Overfull \hbox (7.10779pt too wide) in paragraph at lines 1694--1695
[]\T1/ptm/m/n/10 String in-di-cat-ing the type of sce-nario for delta_Nu ("Lin-
ear", "Thresh-old", "Mix"). 
[33]
Overfull \hbox (5.44775pt too wide) in paragraph at lines 1741--1742
[]\T1/ptm/m/n/10 String in-di-cat-ing the type of sce-nario for delta_Mu ("Lin-
ear", "Thresh-old", "Mix",

Overfull \hbox (48.88718pt too wide) in paragraph at lines 1743--1744
[]\T1/ptm/m/n/10 String in-di-cat-ing the type of sce-nario for delta_Nu ("Lin-
ear", "Thresh-old", "Mix","Satisfied",
[34] [35] [36]
(/usr/local/texlive/2022/texmf-dist/tex/latex/inconsolata/ts1zi4.fd) [37]
Overfull \hbox (3.80762pt too wide) in paragraph at lines 1973--1974
[]\T1/ptm/m/n/10 A nu-meric vec-tor or ma-trix of length n rep-re-sent-ing pri-
mary out-comes (in \T1/zi4/m/n/10 [0,1]\T1/ptm/m/n/10 ). 
[38] [39] [40] [41] [42] [43] [44]
Overfull \hbox (12.53784pt too wide) in paragraph at lines 2356--2357
[]\T1/ptm/m/n/10 A nu-meric vec-tor of GLM co-ef-fi-cients for each col-umn in 
[]\T1/zi4/m/n/10 sigma_psi_collection[]\T1/ptm/m/n/10 . 

Overfull \hbox (16.26765pt too wide) in paragraph at lines 2358--2359
[]\T1/ptm/m/n/10 A list of the op-ti-mal []\T1/zi4/m/n/10 theta []\T1/ptm/m/n/1
0 en-abling the re-con-struc-tion of op-ti-mal []\T1/zi4/m/n/10 sigma_beta(psi)

[45]
Overfull \hbox (12.53784pt too wide) in paragraph at lines 2389--2390
[]\T1/ptm/m/n/10 A nu-meric vec-tor of GLM co-ef-fi-cients for each col-umn in 
[]\T1/zi4/m/n/10 sigma_psi_collection[]\T1/ptm/m/n/10 . 
[46] [47]
Overfull \hbox (8.77771pt too wide) in paragraph at lines 2482--2483
[]\T1/ptm/m/n/10 String in-di-cat-ing the type of sce-nario for delta_Mu ("Lin-
ear", "Thresh-old", "Mix"). 

Overfull \hbox (7.10779pt too wide) in paragraph at lines 2484--2485
[]\T1/ptm/m/n/10 String in-di-cat-ing the type of sce-nario for delta_Nu ("Lin-
ear", "Thresh-old", "Mix"). 

(/private/var/folders/04/67_z02nd1090c2k_j83w84m80000gn/T/RtmphkIa62/Rd2pdf10ef
6730755b5/Rd2.ind [48]

LaTeX Font Warning: Font shape `T1/zi4/m/it' undefined
(Font)              using `T1/zi4/m/n' instead on input line 46.

[49])
(/private/var/folders/04/67_z02nd1090c2k_j83w84m80000gn/T/RtmphkIa62/Rd2pdf10ef
6730755b5/Rd2.aux)

LaTeX Font Warning: Some font shapes were not available, defaults substituted.

 )
(see the transcript file for additional information)
pdfTeX warning (dest): name{Rfn.0,\0401} has been referenced but does not exist
, replaced by a fixed one


pdfTeX warning (dest): name{Rfn.threshold,\0401\040.Rdash.\040threshold} has be
en referenced but does not exist, replaced by a fixed one

{/usr/local/texlive/2022/texmf-dist/fonts/enc/dvips/inconsolata/i4-ts1.enc}{/us
r/local/texlive/2022/texmf-dist/fonts/enc/dvips/base/8r.enc}{/usr/local/texlive
/2022/texmf-dist/fonts/enc/dvips/inconsolata/i4-t1-0.enc}{/usr/local/texlive/20
22/texmf-dist/fonts/enc/dvips/cm-super/cm-super-ts1.enc}</usr/local/texlive/202
2/texmf-dist/fonts/type1/public/inconsolata/Inconsolata-zi4r.pfb></usr/local/te
xlive/2022/texmf-dist/fonts/type1/public/amsfonts/cm/cmmi10.pfb></usr/local/tex
live/2022/texmf-dist/fonts/type1/public/amsfonts/cm/cmmi7.pfb></usr/local/texli
ve/2022/texmf-dist/fonts/type1/public/amsfonts/cm/cmr10.pfb></usr/local/texlive
/2022/texmf-dist/fonts/type1/public/amsfonts/cm/cmsy10.pfb></usr/local/texlive/
2022/texmf-dist/fonts/type1/public/cm-super/sfrm1000.pfb></usr/local/texlive/20
22/texmf-dist/fonts/type1/urw/times/utmb8a.pfb></usr/local/texlive/2022/texmf-d
ist/fonts/type1/urw/times/utmr8a.pfb></usr/local/texlive/2022/texmf-dist/fonts/
type1/urw/times/utmr8a.pfb></usr/local/texlive/2022/texmf-dist/fonts/type1/urw/
times/utmri8a.pfb>
Output written on Rd2.pdf (49 pages, 219673 bytes).
Transcript written on Rd2.log.
Saving output to ‘PLUCR-manual.pdf’ ...
Done
You may want to clean up by 'rm -Rf /var/folders/04/67_z02nd1090c2k_j83w84m80000gn/T//RtmphkIa62/Rd2pdf10ef6730755b5'
